c:\users\mitch\onedrive\g403 computer science\level 3\project\obs-studio\build\plugins\text-freetype2\text-freetype2.dir\debug\vc120.pdb
c:\users\mitch\onedrive\g403 computer science\level 3\project\obs-studio\build\plugins\text-freetype2\text-freetype2.dir\debug\text-freetype2.obj
c:\users\mitch\onedrive\g403 computer science\level 3\project\obs-studio\build\plugins\text-freetype2\text-freetype2.dir\debug\text-functionality.obj
c:\users\mitch\onedrive\g403 computer science\level 3\project\obs-studio\build\plugins\text-freetype2\text-freetype2.dir\debug\obs-convenience.obj
c:\users\mitch\onedrive\g403 computer science\level 3\project\obs-studio\build\plugins\text-freetype2\text-freetype2.dir\debug\find-font-windows.obj
c:\users\mitch\onedrive\g403 computer science\level 3\project\obs-studio\build\plugins\text-freetype2\text-freetype2.dir\debug\find-font.obj
c:\users\mitch\onedrive\g403 computer science\level 3\project\obs-studio\build\plugins\text-freetype2\cmakefiles\generate.stamp
c:\users\mitch\onedrive\g403 computer science\level 3\project\obs-studio\build\plugins\text-freetype2\debug\text-freetype2.ilk
c:\users\mitch\onedrive\g403 computer science\level 3\project\obs-studio\build\plugins\text-freetype2\debug\text-freetype2.dll
c:\users\mitch\onedrive\g403 computer science\level 3\project\obs-studio\build\plugins\text-freetype2\debug\text-freetype2.pdb
c:\users\mitch\onedrive\g403 computer science\level 3\project\obs-studio\build\plugins\text-freetype2\debug\text-freetype2.lib
c:\users\mitch\onedrive\g403 computer science\level 3\project\obs-studio\build\plugins\text-freetype2\debug\text-freetype2.exp
c:\users\mitch\onedrive\g403 computer science\level 3\project\obs-studio\build\plugins\text-freetype2\text-freetype2.dir\debug\text-freetype2.tlog\cl.command.1.tlog
c:\users\mitch\onedrive\g403 computer science\level 3\project\obs-studio\build\plugins\text-freetype2\text-freetype2.dir\debug\text-freetype2.tlog\cl.read.1.tlog
c:\users\mitch\onedrive\g403 computer science\level 3\project\obs-studio\build\plugins\text-freetype2\text-freetype2.dir\debug\text-freetype2.tlog\cl.write.1.tlog
c:\users\mitch\onedrive\g403 computer science\level 3\project\obs-studio\build\plugins\text-freetype2\text-freetype2.dir\debug\text-freetype2.tlog\custombuild.command.1.tlog
c:\users\mitch\onedrive\g403 computer science\level 3\project\obs-studio\build\plugins\text-freetype2\text-freetype2.dir\debug\text-freetype2.tlog\custombuild.read.1.tlog
c:\users\mitch\onedrive\g403 computer science\level 3\project\obs-studio\build\plugins\text-freetype2\text-freetype2.dir\debug\text-freetype2.tlog\custombuild.write.1.tlog
c:\users\mitch\onedrive\g403 computer science\level 3\project\obs-studio\build\plugins\text-freetype2\text-freetype2.dir\debug\text-freetype2.tlog\link.command.1.tlog
c:\users\mitch\onedrive\g403 computer science\level 3\project\obs-studio\build\plugins\text-freetype2\text-freetype2.dir\debug\text-freetype2.tlog\link.read.1.tlog
c:\users\mitch\onedrive\g403 computer science\level 3\project\obs-studio\build\plugins\text-freetype2\text-freetype2.dir\debug\text-freetype2.tlog\link.write.1.tlog
c:\users\mitch\onedrive\g403 computer science\level 3\project\obs-studio\build\plugins\text-freetype2\text-freetype2.dir\debug\text-freetype2.tlog\text-freetype2.write.1u.tlog
